[debug] [2024-04-20T19:58:21.721Z] ----------------------------------------------------------------------
[debug] [2024-04-20T19:58:21.723Z] Command:       C:\Program Files\nodejs\node.exe C:\Users\ARYA\AppData\Roaming\npm\node_modules\firebase-tools\lib\bin\firebase.js init
[debug] [2024-04-20T19:58:21.724Z] CLI Version:   13.7.3
[debug] [2024-04-20T19:58:21.724Z] Platform:      win32
[debug] [2024-04-20T19:58:21.724Z] Node Version:  v18.18.2
[debug] [2024-04-20T19:58:21.725Z] Time:          Sun Apr 21 2024 01:28:21 GMT+0530 (India Standard Time)
[debug] [2024-04-20T19:58:21.726Z] ----------------------------------------------------------------------
[debug] 
[debug] [2024-04-20T19:58:21.734Z] > command requires scopes: ["email","openid","https://www.googleapis.com/auth/cloudplatformprojects.readonly","https://www.googleapis.com/auth/firebase","https://www.googleapis.com/auth/cloud-platform"]
[debug] [2024-04-20T19:58:21.734Z] > authorizing via signed-in user (arya232004@gmail.com)
[info] 
     ######## #### ########  ######## ########     ###     ######  ########
     ##        ##  ##     ## ##       ##     ##  ##   ##  ##       ##
     ######    ##  ########  ######   ########  #########  ######  ######
     ##        ##  ##    ##  ##       ##     ## ##     ##       ## ##
     ##       #### ##     ## ######## ########  ##     ##  ######  ########

You're about to initialize a Firebase project in this directory:

  D:\MU\Sem 6\SBLC\academies

[info] 
=== Project Setup
[info] 
[info] First, let's associate this project directory with a Firebase project.
[info] You can create multiple project aliases by running firebase use --add, 
[info] but for now we'll just set up a default project.
[info] 
[debug] [2024-04-20T19:58:29.084Z] >>> [apiv2][query] GET https://firebase.googleapis.com/v1beta1/projects pageSize=100
[debug] [2024-04-20T19:58:30.076Z] <<< [apiv2][status] GET https://firebase.googleapis.com/v1beta1/projects 200
[debug] [2024-04-20T19:58:30.076Z] <<< [apiv2][body] GET https://firebase.googleapis.com/v1beta1/projects [omitted]
[info] i  Using project academies-804ab (academies) 
[info] 
=== Firestore Setup
[debug] [2024-04-20T19:58:31.225Z] >>> [apiv2][query] GET https://serviceusage.googleapis.com/v1/projects/academies-804ab/services/firestore.googleapis.com [none]
[debug] [2024-04-20T19:58:31.225Z] >>> [apiv2][(partial)header] GET https://serviceusage.googleapis.com/v1/projects/academies-804ab/services/firestore.googleapis.com x-goog-quota-user=projects/academies-804ab
[debug] [2024-04-20T19:58:33.172Z] <<< [apiv2][status] GET https://serviceusage.googleapis.com/v1/projects/academies-804ab/services/firestore.googleapis.com 200
[debug] [2024-04-20T19:58:33.172Z] <<< [apiv2][body] GET https://serviceusage.googleapis.com/v1/projects/academies-804ab/services/firestore.googleapis.com [omitted]
[debug] [2024-04-20T19:58:33.172Z] >>> [apiv2][query] GET https://firestore.googleapis.com/v1/projects/academies-804ab/databases/(default) [none]
[debug] [2024-04-20T19:58:33.597Z] <<< [apiv2][status] GET https://firestore.googleapis.com/v1/projects/academies-804ab/databases/(default) 200
[debug] [2024-04-20T19:58:33.597Z] <<< [apiv2][body] GET https://firestore.googleapis.com/v1/projects/academies-804ab/databases/(default) {"name":"projects/academies-804ab/databases/(default)","uid":"2cb63bdc-782a-4c72-b211-1ddd4c722fb5","createTime":"2024-04-20T05:49:01.315734Z","updateTime":"2024-04-20T05:49:01.315734Z","locationId":"asia-south1","type":"FIRESTORE_NATIVE","concurrencyMode":"PESSIMISTIC","versionRetentionPeriod":"3600s","earliestVersionTime":"2024-04-20T18:58:35.553540Z","appEngineIntegrationMode":"DISABLED","keyPrefix":"j","pointInTimeRecoveryEnablement":"POINT_IN_TIME_RECOVERY_DISABLED","deleteProtectionState":"DELETE_PROTECTION_DISABLED","etag":"INXCsonK0YUDMIG0nqWM0IUD"}
[debug] [2024-04-20T19:58:33.597Z] database_type: FIRESTORE_NATIVE
[debug] [2024-04-20T19:58:33.597Z] > command requires scopes: ["email","openid","https://www.googleapis.com/auth/cloudplatformprojects.readonly","https://www.googleapis.com/auth/firebase","https://www.googleapis.com/auth/cloud-platform"]
[debug] [2024-04-20T19:58:33.598Z] > authorizing via signed-in user (arya232004@gmail.com)
[debug] [2024-04-20T19:58:33.598Z] [iam] checking project academies-804ab for permissions ["firebase.projects.get"]
[debug] [2024-04-20T19:58:33.598Z] >>> [apiv2][query] POST https://cloudresourcemanager.googleapis.com/v1/projects/academies-804ab:testIamPermissions [none]
[debug] [2024-04-20T19:58:33.598Z] >>> [apiv2][(partial)header] POST https://cloudresourcemanager.googleapis.com/v1/projects/academies-804ab:testIamPermissions x-goog-quota-user=projects/academies-804ab
[debug] [2024-04-20T19:58:33.598Z] >>> [apiv2][body] POST https://cloudresourcemanager.googleapis.com/v1/projects/academies-804ab:testIamPermissions {"permissions":["firebase.projects.get"]}
[debug] [2024-04-20T19:58:35.094Z] <<< [apiv2][status] POST https://cloudresourcemanager.googleapis.com/v1/projects/academies-804ab:testIamPermissions 200
[debug] [2024-04-20T19:58:35.095Z] <<< [apiv2][body] POST https://cloudresourcemanager.googleapis.com/v1/projects/academies-804ab:testIamPermissions {"permissions":["firebase.projects.get"]}
[info] 
[info] Firestore Security Rules allow you to define how and when to allow
[info] requests. You can keep these rules in your project directory
[info] and publish them with firebase deploy.
[info] 
[debug] [2024-04-20T19:58:37.857Z] >>> [apiv2][query] GET https://firebaserules.googleapis.com/v1/projects/academies-804ab/releases pageSize=10&pageToken=
[debug] [2024-04-20T19:58:39.373Z] <<< [apiv2][status] GET https://firebaserules.googleapis.com/v1/projects/academies-804ab/releases 200
[debug] [2024-04-20T19:58:39.373Z] <<< [apiv2][body] GET https://firebaserules.googleapis.com/v1/projects/academies-804ab/releases {"releases":[{"name":"projects/academies-804ab/releases/cloud.firestore","rulesetName":"projects/academies-804ab/rulesets/066370ef-9b51-48cc-a043-1e4391f1030d","createTime":"2024-04-20T05:49:10.325850Z","updateTime":"2024-04-20T05:49:10.325850Z"},{"name":"projects/academies-804ab/releases/firebase.storage/academies-804ab.appspot.com","rulesetName":"projects/academies-804ab/rulesets/1bbbbce2-3b2d-470f-a159-16307ede8483","createTime":"2024-04-20T05:50:42.683664Z","updateTime":"2024-04-20T05:50:42.683664Z"}]}
[debug] [2024-04-20T19:58:39.373Z] Found ruleset: projects/academies-804ab/rulesets/066370ef-9b51-48cc-a043-1e4391f1030d
[debug] [2024-04-20T19:58:39.374Z] >>> [apiv2][query] GET https://firebaserules.googleapis.com/v1/projects/academies-804ab/rulesets/066370ef-9b51-48cc-a043-1e4391f1030d [none]
[debug] [2024-04-20T19:58:40.841Z] <<< [apiv2][status] GET https://firebaserules.googleapis.com/v1/projects/academies-804ab/rulesets/066370ef-9b51-48cc-a043-1e4391f1030d 200
[debug] [2024-04-20T19:58:40.841Z] <<< [apiv2][body] GET https://firebaserules.googleapis.com/v1/projects/academies-804ab/rulesets/066370ef-9b51-48cc-a043-1e4391f1030d [omitted]
[info] 
[info] Firestore indexes allow you to perform complex queries while
[info] maintaining performance that scales with the size of the result
[info] set. You can keep index definitions in your project directory
[info] and publish them with firebase deploy.
[info] 
[debug] [2024-04-20T19:58:46.271Z] >>> [apiv2][query] GET https://firestore.googleapis.com/v1/projects/academies-804ab/databases/(default)/collectionGroups/-/indexes [none]
[debug] [2024-04-20T19:58:46.272Z] >>> [apiv2][query] GET https://firestore.googleapis.com/v1/projects/academies-804ab/databases/(default)/collectionGroups/-/fields?filter=indexConfig.usesAncestorConfig=false OR ttlConfig:* [none]
[debug] [2024-04-20T19:58:46.559Z] <<< [apiv2][status] GET https://firestore.googleapis.com/v1/projects/academies-804ab/databases/(default)/collectionGroups/-/fields?filter=indexConfig.usesAncestorConfig=false OR ttlConfig:* 200
[debug] [2024-04-20T19:58:46.559Z] <<< [apiv2][body] GET https://firestore.googleapis.com/v1/projects/academies-804ab/databases/(default)/collectionGroups/-/fields?filter=indexConfig.usesAncestorConfig=false OR ttlConfig:* {"fields":[{"name":"projects/academies-804ab/databases/(default)/collectionGroups/__default__/fields/*","indexConfig":{"indexes":[{"queryScope":"COLLECTION","fields":[{"fieldPath":"*","order":"ASCENDING"}],"state":"READY"},{"queryScope":"COLLECTION","fields":[{"fieldPath":"*","order":"DESCENDING"}],"state":"READY"},{"queryScope":"COLLECTION","fields":[{"fieldPath":"*","arrayConfig":"CONTAINS"}],"state":"READY"}]}}]}
[debug] [2024-04-20T19:58:46.560Z] <<< [apiv2][status] GET https://firestore.googleapis.com/v1/projects/academies-804ab/databases/(default)/collectionGroups/-/indexes 200
[debug] [2024-04-20T19:58:46.560Z] <<< [apiv2][body] GET https://firestore.googleapis.com/v1/projects/academies-804ab/databases/(default)/collectionGroups/-/indexes {}
[info] 
=== Hosting Setup
[debug] [2024-04-20T19:58:46.563Z] >>> [apiv2][query] GET https://firebase.googleapis.com/v1beta1/projects/academies-804ab [none]
[debug] [2024-04-20T19:58:47.238Z] <<< [apiv2][status] GET https://firebase.googleapis.com/v1beta1/projects/academies-804ab 200
[debug] [2024-04-20T19:58:47.238Z] <<< [apiv2][body] GET https://firebase.googleapis.com/v1beta1/projects/academies-804ab {"projectId":"academies-804ab","projectNumber":"87124977029","displayName":"academies","name":"projects/academies-804ab","resources":{"hostingSite":"academies-804ab","storageBucket":"academies-804ab.appspot.com","locationId":"asia-south1"},"state":"ACTIVE","etag":"1_c045e6c5-4c46-42fd-858b-ed4e15740dbf"}
[info] 
[info] Your public directory is the folder (relative to your project directory) that
[info] will contain Hosting assets to be uploaded with firebase deploy. If you
[info] have a build process for your assets, use your build's output directory.
[info] 
[debug] [2024-04-20T19:59:58.129Z] >>> [apiv2][query] GET https://www.gstatic.com/firebasejs/releases.json [none]
[debug] [2024-04-20T19:59:58.360Z] <<< [apiv2][status] GET https://www.gstatic.com/firebasejs/releases.json 200
[debug] [2024-04-20T19:59:58.360Z] <<< [apiv2][body] GET https://www.gstatic.com/firebasejs/releases.json {"current":{"version":"10.11.0","browserURL":"https://www.gstatic.com/firebasejs/10.11.0/firebase.js","packageURL":"https://www.gstatic.com/firebasejs/10.11.0/firebase.tgz"},"live":{"version":"10.11","browserURL":"https://www.gstatic.com/firebasejs/live/10.11/firebase.js","packageURL":"https://www.gstatic.com/firebasejs/live/10.11/firebase.tgz"},"components":{"analytics":"https://www.gstatic.com/firebasejs/10.11.0/firebase-analytics.js","app":"https://www.gstatic.com/firebasejs/10.11.0/firebase-app.js","app-check":"https://www.gstatic.com/firebasejs/10.11.0/firebase-app-check.js","auth":"https://www.gstatic.com/firebasejs/10.11.0/firebase-auth.js","auth/cordova":"https://www.gstatic.com/firebasejs/10.11.0/firebase-auth/cordova.js","auth/web-extension":"https://www.gstatic.com/firebasejs/10.11.0/firebase-auth/web-extension.js","functions":"https://www.gstatic.com/firebasejs/10.11.0/firebase-functions.js","firestore":"https://www.gstatic.com/firebasejs/10.11.0/firebase-firestore.js","firestore/lite":"https://www.gstatic.com/firebasejs/10.11.0/firebase-firestore/lite.js","installations":"https://www.gstatic.com/firebasejs/10.11.0/firebase-installations.js","storage":"https://www.gstatic.com/firebasejs/10.11.0/firebase-storage.js","performance":"https://www.gstatic.com/firebasejs/10.11.0/firebase-performance.js","remote-config":"https://www.gstatic.com/firebasejs/10.11.0/firebase-remote-config.js","messaging":"https://www.gstatic.com/firebasejs/10.11.0/firebase-messaging.js","messaging/sw":"https://www.gstatic.com/firebasejs/10.11.0/firebase-messaging/sw.js","database":"https://www.gstatic.com/firebasejs/10.11.0/firebase-database.js","firestore.memory":"https://www.gstatic.com/firebasejs/10.11.0/firebase-firestore.memory.js"}}
